<?xml version="1.0" encoding="UTF-8"?>
<!-- Generated by org.testng.reporters.JUnitXMLReporter -->
<testsuite hostname="DESKTOP-LSLNL4U" ignored="0" name="Default test" tests="3" failures="0" timestamp="17 Oct 2018 05:40:06 GMT" time="70.343" errors="0">
  <testcase name="loginpageTitleTest" time="0.179" classname="com.CRM.qa.testcases.LoginPageTest"/>
  <testcase name="CRMlogoTest" time="0.066" classname="com.CRM.qa.testcases.LoginPageTest"/>
  <testcase name="loginTest" time="12.402" classname="com.CRM.qa.testcases.LoginPageTest"/>
</testsuite> <!-- Default test -->
