<?xml version="1.0" encoding="UTF-8"?>
<testng-results skipped="0" failed="0" ignored="0" total="3" passed="3">
  <reporter-output>
  </reporter-output>
  <suite name="Default suite" duration-ms="70343" started-at="2018-10-17T05:38:55Z" finished-at="2018-10-17T05:40:06Z">
    <groups>
    </groups>
    <test name="Default test" duration-ms="70343" started-at="2018-10-17T05:38:55Z" finished-at="2018-10-17T05:40:06Z">
      <class name="com.CRM.qa.testcases.LoginPageTest">
        <test-method status="PASS" signature="setup()[pri:0, instance:com.CRM.qa.testcases.LoginPageTest@59fa1d9b]" name="setup" is-config="true" duration-ms="30469" started-at="2018-10-17T11:08:56Z" finished-at="2018-10-17T11:09:26Z">
          <reporter-output>
          </reporter-output>
        </test-method> <!-- setup -->
        <test-method status="PASS" signature="loginpageTitleTest()[pri:1, instance:com.CRM.qa.testcases.LoginPageTest@59fa1d9b]" name="loginpageTitleTest" duration-ms="179" started-at="2018-10-17T11:09:26Z" finished-at="2018-10-17T11:09:26Z">
          <reporter-output>
          </reporter-output>
        </test-method> <!-- loginpageTitleTest -->
        <test-method status="PASS" signature="tearDown()[pri:0, instance:com.CRM.qa.testcases.LoginPageTest@59fa1d9b]" name="tearDown" is-config="true" duration-ms="2691" started-at="2018-10-17T11:09:26Z" finished-at="2018-10-17T11:09:29Z">
          <reporter-output>
          </reporter-output>
        </test-method> <!-- tearDown -->
        <test-method status="PASS" signature="setup()[pri:0, instance:com.CRM.qa.testcases.LoginPageTest@59fa1d9b]" name="setup" is-config="true" duration-ms="11108" started-at="2018-10-17T11:09:29Z" finished-at="2018-10-17T11:09:40Z">
          <reporter-output>
          </reporter-output>
        </test-method> <!-- setup -->
        <test-method status="PASS" signature="CRMlogoTest()[pri:2, instance:com.CRM.qa.testcases.LoginPageTest@59fa1d9b]" name="CRMlogoTest" duration-ms="66" started-at="2018-10-17T11:09:40Z" finished-at="2018-10-17T11:09:40Z">
          <reporter-output>
          </reporter-output>
        </test-method> <!-- CRMlogoTest -->
        <test-method status="PASS" signature="tearDown()[pri:0, instance:com.CRM.qa.testcases.LoginPageTest@59fa1d9b]" name="tearDown" is-config="true" duration-ms="1175" started-at="2018-10-17T11:09:40Z" finished-at="2018-10-17T11:09:41Z">
          <reporter-output>
          </reporter-output>
        </test-method> <!-- tearDown -->
        <test-method status="PASS" signature="setup()[pri:0, instance:com.CRM.qa.testcases.LoginPageTest@59fa1d9b]" name="setup" is-config="true" duration-ms="10776" started-at="2018-10-17T11:09:41Z" finished-at="2018-10-17T11:09:52Z">
          <reporter-output>
          </reporter-output>
        </test-method> <!-- setup -->
        <test-method status="PASS" signature="loginTest()[pri:3, instance:com.CRM.qa.testcases.LoginPageTest@59fa1d9b]" name="loginTest" duration-ms="12402" started-at="2018-10-17T11:09:52Z" finished-at="2018-10-17T11:10:05Z">
          <reporter-output>
          </reporter-output>
        </test-method> <!-- loginTest -->
        <test-method status="PASS" signature="tearDown()[pri:0, instance:com.CRM.qa.testcases.LoginPageTest@59fa1d9b]" name="tearDown" is-config="true" duration-ms="1278" started-at="2018-10-17T11:10:05Z" finished-at="2018-10-17T11:10:06Z">
          <reporter-output>
          </reporter-output>
        </test-method> <!-- tearDown -->
      </class> <!-- com.CRM.qa.testcases.LoginPageTest -->
    </test> <!-- Default test -->
  </suite> <!-- Default suite -->
</testng-results>
